This is pdfTeX, Version 3.1415926-1.40.10 (TeX Live 2009/Debian) (format=latex 2012.10.25)  14 JUL 2013 20:34
entering extended mode
 %&-line parsing enabled.
**Projektstudie_MASTERFILE.tex
(./Projektstudie_MASTERFILE.tex
LaTeX2e <2009/09/24>
Babel <v3.8l> and hyphenation patterns for english, usenglishmax, dumylang, noh
yphenation, loaded.
(/usr/share/texmf-texlive/tex/latex/koma-script/scrreprt.cls
Document Class: scrreprt 2009/07/24 v3.04a KOMA-Script document class (report)
(/usr/share/texmf-texlive/tex/latex/koma-script/scrkbase.sty
Package: scrkbase 2009/07/24 v3.04a KOMA-Script package (KOMA-Script-dependent 
basics and keyval usage)

(/usr/share/texmf-texlive/tex/latex/koma-script/scrbase.sty
Package: scrbase 2009/07/24 v3.04a KOMA-Script package (KOMA-Script-independent
 basics and keyval usage)

(/usr/share/texmf-texlive/tex/latex/graphics/keyval.sty
Package: keyval 1999/03/16 v1.13 key=value parser (DPC)
\KV@toks@=\toks14
)
(/usr/share/texmf-texlive/tex/latex/koma-script/scrlfile.sty
Package: scrlfile 2009/03/25 v3.03 KOMA-Script package (loading files)

Package scrlfile, 2009/03/25 v3.03 KOMA-Script package (loading files)
                  Copyright (C) Markus Kohm

))) (/usr/share/texmf-texlive/tex/latex/koma-script/tocbasic.sty
Package: tocbasic 2009/06/08 v3.03b KOMA-Script package (handling toc-files)
)
Package tocbasic Info: omitting babel extension for `toc'
(tocbasic)             because of feature `nobabel' available
(tocbasic)             for `toc' on input line 117.
Package tocbasic Info: omitting babel extension for `lof'
(tocbasic)             because of feature `nobabel' available
(tocbasic)             for `lof' on input line 118.
Package tocbasic Info: omitting babel extension for `lot'
(tocbasic)             because of feature `nobabel' available
(tocbasic)             for `lot' on input line 119.
Package scrreprt Info: You've used obsolete option `11pt'.
(scrreprt)             \KOMAExecuteOptions{fontsize=11pt} will be
(scrreprt)             used instead.
(scrreprt)             You may simply replace `11pt'
(scrreprt)             by `fontsize=11pt'.
Class scrreprt Info: You've used standard option `openright'.
(scrreprt)           This is correct!
(scrreprt)           Internaly I'm using `open=right'.
(scrreprt)           If you'd like to set the option with \KOMAoptions,
(scrreprt)           you'd have to use `open=right' there
(scrreprt)           instead of `openright', too.
Class scrreprt Info: File `scrsize11pt.clo' used to setup font sizes on input l
ine 1271.

(/usr/share/texmf-texlive/tex/latex/koma-script/scrsize11pt.clo
File: scrsize11pt.clo 2009/07/24 v3.04a KOMA-Script font size class option (11p
t)
)
(/usr/share/texmf-texlive/tex/latex/koma-script/typearea.sty
Package: typearea 2009/07/24 v3.04a KOMA-Script package (type area)

Package typearea, 2009/07/24 v3.04a KOMA-Script package (type area)
                  Copyright (C) Frank Neukam, 1992-1994
                  Copyright (C) Markus Kohm, 1994-

\ta@bcor=\skip41
\ta@div=\count79
Package typearea Info: You've used standard option `a4paper'.
(typearea)             This is correct!
(typearea)             Internaly I'm using `paper=a4'.
(typearea)             If you'd like to set the option with \KOMAoptions,
(typearea)             you'd have to use `paper=a4' there
(typearea)             instead of `a4paper', too.
\ta@hblk=\skip42
\ta@vblk=\skip43
\ta@temp=\skip44
Package typearea Info: These are the values describing the layout:
(typearea)             DIV  = 10
(typearea)             BCOR = 0.0pt
(typearea)             \paperwidth      = 597.50793pt
(typearea)              \textwidth      = 418.25555pt
(typearea)              DIV departure   = -6%
(typearea)              \evensidemargin = 47.2316pt
(typearea)              \oddsidemargin  = -12.5192pt
(typearea)             \paperheight     = 845.04694pt
(typearea)              \textheight     = 555.00024pt
(typearea)              \topmargin      = 12.2347pt
(typearea)              \headheight     = 17.0pt
(typearea)              \headsep        = 20.40001pt
(typearea)              \topskip        = 11.0pt
(typearea)              \footskip       = 47.60002pt
(typearea)              \baselineskip   = 13.6pt
(typearea)              on input line 1115.
)
\c@part=\count80
\c@chapter=\count81
\c@section=\count82
\c@subsection=\count83
\c@subsubsection=\count84
\c@paragraph=\count85
\c@subparagraph=\count86
\abovecaptionskip=\skip45
\belowcaptionskip=\skip46
\c@pti@nb@sid@b@x=\box26
\c@figure=\count87
\c@table=\count88
\bibindent=\dimen102
) (/usr/share/texmf-texlive/tex/latex/geometry/geometry.sty
Package: geometry 2008/12/21 v4.2 Page Geometry

(/usr/share/texmf-texlive/tex/generic/oberdiek/ifpdf.sty
Package: ifpdf 2009/04/10 v2.0 Provides the ifpdf switch (HO)
Package ifpdf Info: pdfTeX in pdf mode not detected.
)
(/usr/share/texmf-texlive/tex/generic/oberdiek/ifvtex.sty
Package: ifvtex 2008/11/04 v1.4 Switches for detecting VTeX and its modes (HO)
Package ifvtex Info: VTeX not detected.
)
\Gm@cnth=\count89
\Gm@cntv=\count90
\c@Gm@tempcnt=\count91
\Gm@bindingoffset=\dimen103
\Gm@wd@mp=\dimen104
\Gm@odd@mp=\dimen105
\Gm@even@mp=\dimen106
\Gm@dimlist=\toks15
)
(/usr/share/texmf-texlive/tex/generic/babel/babel.sty
Package: babel 2008/07/06 v3.8l The Babel package

(/usr/share/texmf-texlive/tex/generic/babel/ngermanb.ldf
Language: ngermanb 2008/07/06 v2.6n new German support from the babel system

(/usr/share/texmf-texlive/tex/generic/babel/babel.def
File: babel.def 2008/07/06 v3.8l Babel common definitions
\babel@savecnt=\count92
\U@D=\dimen107
)

Package babel Warning: No hyphenation patterns were loaded for
(babel)                the language `ngerman'
(babel)                I will use the patterns loaded for \language=0 instead.

\l@ngerman = a dialect from \language0
\l@naustrian = a dialect from \language\l@ngerman 
Package babel Info: Making " an active character on input line 92.
)) (/usr/share/texmf-texlive/tex/latex/babelbib/babelbib.sty
Package: babelbib 2009/10/10 v1.29 babelbib: multilingual bibliographies (HH)
)
(/usr/share/texmf-texlive/tex/latex/base/inputenc.sty
Package: inputenc 2008/03/30 v1.1d Input encoding file
\inpenc@prehook=\toks16
\inpenc@posthook=\toks17

(/usr/share/texmf-texlive/tex/latex/base/latin1.def
File: latin1.def 2008/03/30 v1.1d Input encoding file
))
(/usr/share/texmf-texlive/tex/latex/graphics/graphicx.sty
Package: graphicx 1999/02/16 v1.0f Enhanced LaTeX Graphics (DPC,SPQR)

(/usr/share/texmf-texlive/tex/latex/graphics/graphics.sty
Package: graphics 2009/02/05 v1.0o Standard LaTeX Graphics (DPC,SPQR)

(/usr/share/texmf-texlive/tex/latex/graphics/trig.sty
Package: trig 1999/03/16 v1.09 sin cos tan (DPC)
)
(/etc/texmf/tex/latex/config/graphics.cfg
File: graphics.cfg 2009/08/28 v1.8 graphics configuration of TeX Live
)
Package graphics Info: Driver file: pdftex.def on input line 91.

(/usr/share/texmf-texlive/tex/latex/pdftex-def/pdftex.def
File: pdftex.def 2010/03/12 v0.04p Graphics/color for pdfTeX
\Gread@gobject=\count93
))
\Gin@req@height=\dimen108
\Gin@req@width=\dimen109
)
(/usr/share/texmf-texlive/tex/latex/oberdiek/epstopdf.sty
Package: epstopdf 2009/10/17 v2.4 Conversion with epstopdf on the fly (HO)

(/usr/share/texmf-texlive/tex/latex/oberdiek/epstopdf-base.sty
Package: epstopdf-base 2009/10/17 v2.4 Base part for package epstopdf

(/usr/share/texmf-texlive/tex/generic/oberdiek/infwarerr.sty
Package: infwarerr 2007/09/09 v1.2 Providing info/warning/message (HO)
)
(/usr/share/texmf-texlive/tex/latex/oberdiek/grfext.sty
Package: grfext 2007/09/30 v1.0 Managing graphics extensions (HO)
)
(/usr/share/texmf-texlive/tex/latex/oberdiek/kvoptions.sty
Package: kvoptions 2009/08/13 v3.4 Keyval support for LaTeX options (HO)

(/usr/share/texmf-texlive/tex/generic/oberdiek/kvsetkeys.sty
Package: kvsetkeys 2009/07/30 v1.5 Key value parser with default handler suppor
t (HO)

(/usr/share/texmf-texlive/tex/generic/oberdiek/etexcmds.sty
Package: etexcmds 2007/12/12 v1.2 Prefix for e-TeX command names (HO)
Package etexcmds Info: Could not find \expanded.
(etexcmds)             That can mean that you are not using pdfTeX 1.50 or
(etexcmds)             that some package has redefined \expanded.
(etexcmds)             In the latter case, load this package earlier.
)))
(/usr/share/texmf-texlive/tex/generic/oberdiek/pdftexcmds.sty
Package: pdftexcmds 2009/09/23 v0.6 LuaTeX support for pdfTeX utility functions
 (HO)

(/usr/share/texmf-texlive/tex/generic/oberdiek/ifluatex.sty
Package: ifluatex 2009/04/17 v1.2 Provides the ifluatex switch (HO)
Package ifluatex Info: LuaTeX not detected.
)
(/usr/share/texmf-texlive/tex/generic/oberdiek/ltxcmds.sty
Package: ltxcmds 2009/08/05 v1.0 Some LaTeX kernel commands for general use (HO
)
)
Package pdftexcmds Info: LuaTeX not detected.
Package pdftexcmds Info: \pdf@primitive is available.
Package pdftexcmds Info: \pdf@ifprimitive is available.
)

Package epstopdf Warning: Shell escape feature is not enabled.

Package grfext Info: Graphics extension search list:
(grfext)             [.png,.pdf,.jpg,.mps,.jpeg,.jbig2,.jb2,.PNG,.PDF,.JPG,.JPE
G,.JBIG2,.JB2,.eps]
(grfext)             \AppendGraphicsExtensions on input line 433.
(/usr/share/texmf-texlive/tex/latex/latexconfig/epstopdf-sys.cfg
File: epstopdf-sys.cfg 2009/10/26 v1.1 Configuration of epstopdf for TeX Live
)))
(/usr/share/texmf-texlive/tex/latex/graphics/color.sty
Package: color 2005/11/14 v1.0j Standard LaTeX Color (DPC)

(/etc/texmf/tex/latex/config/color.cfg
File: color.cfg 2007/01/18 v1.5 color configuration of teTeX/TeXLive
)
Package color Info: Driver file: pdftex.def on input line 130.
)
(/usr/share/texmf-texlive/tex/latex/ltxmisc/url.sty
\Urlmuskip=\muskip10
Package: url 2006/04/12  ver 3.3  Verb mode for urls, etc.
)
(/usr/share/texmf-texlive/tex/latex/base/fontenc.sty
Package: fontenc 2005/09/27 v1.99g Standard LaTeX package

(/usr/share/texmf-texlive/tex/latex/base/t1enc.def
File: t1enc.def 2005/09/27 v1.99g Standard LaTeX file
LaTeX Font Info:    Redeclaring font encoding T1 on input line 43.
))
(/usr/share/texmf-texlive/tex/latex/tools/longtable.sty
Package: longtable 2004/02/01 v4.11 Multi-page Table package (DPC)
\LTleft=\skip47
\LTright=\skip48
\LTpre=\skip49
\LTpost=\skip50
\LTchunksize=\count94
\LTcapwidth=\dimen110
\LT@head=\box27
\LT@firsthead=\box28
\LT@foot=\box29
\LT@lastfoot=\box30
\LT@cols=\count95
\LT@rows=\count96
\c@LT@tables=\count97
\c@LT@chunks=\count98
\LT@p@ftn=\toks18
)
Class scrreprt Info: longtable captions redefined on input line 58.

(/usr/share/texmf-texlive/tex/latex/tools/array.sty
Package: array 2008/09/09 v2.4c Tabular extension package (FMi)
\col@sep=\dimen111
\extrarowheight=\dimen112
\NC@list=\toks19
\extratabsurround=\skip51
\backup@length=\skip52
)
(/usr/share/texmf-texlive/tex/latex/amsmath/amsmath.sty
Package: amsmath 2000/07/18 v2.13 AMS math features
\@mathmargin=\skip53

For additional information on amsmath, use the `?' option.
(/usr/share/texmf-texlive/tex/latex/amsmath/amstext.sty
Package: amstext 2000/06/29 v2.01

(/usr/share/texmf-texlive/tex/latex/amsmath/amsgen.sty
File: amsgen.sty 1999/11/30 v2.0
\@emptytoks=\toks20
\ex@=\dimen113
))
(/usr/share/texmf-texlive/tex/latex/amsmath/amsbsy.sty
Package: amsbsy 1999/11/29 v1.2d
\pmbraise@=\dimen114
)
(/usr/share/texmf-texlive/tex/latex/amsmath/amsopn.sty
Package: amsopn 1999/12/14 v2.01 operator names
)
\inf@bad=\count99
LaTeX Info: Redefining \frac on input line 211.
\uproot@=\count100
\leftroot@=\count101
LaTeX Info: Redefining \overline on input line 307.
\classnum@=\count102
\DOTSCASE@=\count103
LaTeX Info: Redefining \ldots on input line 379.
LaTeX Info: Redefining \dots on input line 382.
LaTeX Info: Redefining \cdots on input line 467.
\Mathstrutbox@=\box31
\strutbox@=\box32
\big@size=\dimen115
LaTeX Font Info:    Redeclaring font encoding OML on input line 567.
LaTeX Font Info:    Redeclaring font encoding OMS on input line 568.
\macc@depth=\count104
\c@MaxMatrixCols=\count105
\dotsspace@=\muskip11
\c@parentequation=\count106
\dspbrk@lvl=\count107
\tag@help=\toks21
\row@=\count108
\column@=\count109
\maxfields@=\count110
\andhelp@=\toks22
\eqnshift@=\dimen116
\alignsep@=\dimen117
\tagshift@=\dimen118
\tagwidth@=\dimen119
\totwidth@=\dimen120
\lineht@=\dimen121
\@envbody=\toks23
\multlinegap=\skip54
\multlinetaggap=\skip55
\mathdisplay@stack=\toks24
LaTeX Info: Redefining \[ on input line 2666.
LaTeX Info: Redefining \] on input line 2667.
)
(/usr/share/texmf-texlive/tex/latex/amsfonts/amssymb.sty
Package: amssymb 2009/06/22 v3.00

(/usr/share/texmf-texlive/tex/latex/amsfonts/amsfonts.sty
Package: amsfonts 2009/06/22 v3.00 Basic AMSFonts support
\symAMSa=\mathgroup4
\symAMSb=\mathgroup5
LaTeX Font Info:    Overwriting math alphabet `\mathfrak' in version `bold'
(Font)                  U/euf/m/n --> U/euf/b/n on input line 96.
))
(/usr/share/texmf-texlive/tex/latex/cite/cite.sty
LaTeX Info: Redefining \cite on input line 285.
LaTeX Info: Redefining \nocite on input line 356.
Package: cite 2009/08/29  v 5.2
)
(/usr/share/texmf-texlive/tex/latex/koma-script/scrpage2.sty
Package: scrpage2 2008/12/08 v2.3 LaTeX2e KOMA-Script package
LaTeX Info: Redefining \pagemark on input line 176.
)
(/usr/share/texmf-texlive/tex/latex/setspace/setspace.sty
Package: setspace 2000/12/01 6.7 Contributed and Supported LaTeX2e package

Package: `setspace' 6.7 <2000/12/01>
) (/usr/share/texmf-texlive/tex/latex/pdfpages/pdfpages.sty
Package: pdfpages 2009/02/07 v0.4g Insert pages of external PDF documents (AM)

(/usr/share/texmf-texlive/tex/latex/base/ifthen.sty
Package: ifthen 2001/05/26 v1.1c Standard LaTeX ifthen package (DPC)
)
(/usr/share/texmf-texlive/tex/latex/tools/calc.sty
Package: calc 2007/08/22 v4.3 Infix arithmetic (KKT,FJ)
\calc@Acount=\count111
\calc@Bcount=\count112
\calc@Adimen=\dimen122
\calc@Bdimen=\dimen123
\calc@Askip=\skip56
\calc@Bskip=\skip57
LaTeX Info: Redefining \setlength on input line 76.
LaTeX Info: Redefining \addtolength on input line 77.
\calc@Ccount=\count113
\calc@Cskip=\skip58
)
(/usr/share/texmf-texlive/tex/latex/eso-pic/eso-pic.sty
Package: eso-pic 2006/07/14 v1.1d eso-pic (RN)

(/usr/share/texmf-texlive/tex/latex/ms/everyshi.sty
Package: everyshi 2001/05/15 v3.00 EveryShipout Package (MS)
))
(/usr/share/texmf-texlive/tex/latex/pdfpages/pppdftex.def
File: pppdftex.def 2009/02/07 v0.4g Pdfpages driver for pdfTeX (AM)
)
\AM@pagebox=\box33
\AM@toc@title=\toks25
\c@AM@survey=\count114
\AM@templatesizebox=\box34
)
(/usr/share/texmf-texlive/tex/latex/rotating/rotating.sty
Package: rotating 2009/03/28 v2.16a rotated objects in LaTeX
\c@r@tfl@t=\count115
\rotFPtop=\skip59
\rotFPbot=\skip60
\rot@float@box=\box35
\rot@mess@toks=\toks26
)
(/usr/share/texmf-texlive/tex/latex/hyperref/hyperref.sty
Package: hyperref 2009/10/09 v6.79a Hypertext links for LaTeX

(/usr/share/texmf-texlive/tex/generic/ifxetex/ifxetex.sty
Package: ifxetex 2009/01/23 v0.5 Provides ifxetex conditional
)
(/usr/share/texmf-texlive/tex/latex/oberdiek/hycolor.sty
Package: hycolor 2009/10/02 v1.5 Code for color options of hyperref/bookmark (H
O)

(/usr/share/texmf-texlive/tex/latex/oberdiek/xcolor-patch.sty
Package: xcolor-patch 2009/10/02 xcolor patch
))
\@linkdim=\dimen124
\Hy@linkcounter=\count116
\Hy@pagecounter=\count117

(/usr/share/texmf-texlive/tex/latex/hyperref/pd1enc.def
File: pd1enc.def 2009/10/09 v6.79a Hyperref: PDFDocEncoding definition (HO)
)
(/usr/share/texmf-texlive/tex/latex/latexconfig/hyperref.cfg
File: hyperref.cfg 2002/06/06 v1.2 hyperref configuration of TeXLive
)
Package hyperref Info: Option `colorlinks' set `true' on input line 2864.
Package hyperref Info: Option `pdfpagelabels' set `true' on input line 2864.
Package hyperref Info: Option `bookmarksopen' set `true' on input line 2864.
Package hyperref Info: Option `bookmarksnumbered' set `true' on input line 2864
.
Package hyperref Info: Option `plainpages' set `false' on input line 2864.
Package hyperref Info: Option `hypertexnames' set `false' on input line 2864.
Package hyperref Info: Hyper figures OFF on input line 2975.
Package hyperref Info: Link nesting OFF on input line 2980.
Package hyperref Info: Hyper index ON on input line 2983.
Package hyperref Info: Plain pages OFF on input line 2990.
Package hyperref Info: Backreferencing OFF on input line 2995.

Implicit mode ON; LaTeX internals redefined
Package hyperref Info: Bookmarks ON on input line 3191.
LaTeX Info: Redefining \url on input line 3428.
(/usr/share/texmf-texlive/tex/generic/oberdiek/bitset.sty
Package: bitset 2007/09/28 v1.0 Data type bit set (HO)

(/usr/share/texmf-texlive/tex/generic/oberdiek/intcalc.sty
Package: intcalc 2007/09/27 v1.1 Expandable integer calculations (HO)
)
(/usr/share/texmf-texlive/tex/generic/oberdiek/bigintcalc.sty
Package: bigintcalc 2007/11/11 v1.1 Expandable big integer calculations (HO)
))
\Fld@menulength=\count118
\Field@Width=\dimen125
\Fld@charsize=\dimen126
\Field@toks=\toks27
Package hyperref Info: Hyper figures OFF on input line 4377.
Package hyperref Info: Link nesting OFF on input line 4382.
Package hyperref Info: Hyper index ON on input line 4385.
Package hyperref Info: backreferencing OFF on input line 4392.
Package hyperref Info: Link coloring ON on input line 4395.
Package hyperref Info: Link coloring with OCG OFF on input line 4402.
Package hyperref Info: PDF/A mode OFF on input line 4407.

(/usr/share/texmf-texlive/tex/generic/oberdiek/atbegshi.sty
Package: atbegshi 2008/07/31 v1.9 At begin shipout hook (HO)
)
\Hy@abspage=\count119
\c@Item=\count120
\c@Hfootnote=\count121
)
*hyperref using default driver hpdftex*
(/usr/share/texmf-texlive/tex/latex/hyperref/hpdftex.def
File: hpdftex.def 2009/10/09 v6.79a Hyperref driver for pdfTeX
\Fld@listcount=\count122
)
(/usr/share/texmf-texlive/tex/latex/listings/listings.sty
\lst@mode=\count123
\lst@gtempboxa=\box36
\lst@token=\toks28
\lst@length=\count124
\lst@currlwidth=\dimen127
\lst@column=\count125
\lst@pos=\count126
\lst@lostspace=\dimen128
\lst@width=\dimen129
\lst@newlines=\count127
\lst@lineno=\count128
\lst@maxwidth=\dimen130

(/usr/share/texmf-texlive/tex/latex/listings/lstmisc.sty
File: lstmisc.sty 2007/02/22 1.4 (Carsten Heinz)
\c@lstnumber=\count129
\lst@skipnumbers=\count130
\lst@framebox=\box37
)
(/usr/share/texmf-texlive/tex/latex/listings/listings.cfg
File: listings.cfg 2007/02/22 1.4 listings configuration
))
Package: listings 2007/02/22 1.4 (Carsten Heinz)

(/usr/share/texmf-texlive/tex/latex/listings/lstlang1.sty
File: lstlang1.sty 2004/09/05 1.3 listings language file
)
(/usr/share/texmf-texlive/tex/latex/subfigure/subfigure.sty
Package: subfigure 2002/03/15 v2.1.5 subfigure package
\subfigtopskip=\skip61
\subfigcapskip=\skip62
\subfigcaptopadj=\dimen131
\subfigbottomskip=\skip63
\subfigcapmargin=\dimen132
\subfiglabelskip=\skip64
\c@subfigure=\count131
\c@lofdepth=\count132
\c@subtable=\count133
\c@lotdepth=\count134

****************************************
* Local config file subfigure.cfg used *
****************************************
(/usr/share/texmf-texlive/tex/latex/subfigure/subfigure.cfg)
\subfig@top=\skip65
\subfig@bottom=\skip66
)
(/usr/share/texmf-texlive/tex/latex/carlisle/ltxtable.sty
Package: ltxtable 1995/12/11 v0.2 longtable/tabularx merge (DPC)

(/usr/share/texmf-texlive/tex/latex/tools/tabularx.sty
Package: tabularx 1999/01/07 v2.07 `tabularx' package (DPC)
\TX@col@width=\dimen133
\TX@old@table=\dimen134
\TX@old@col=\dimen135
\TX@target=\dimen136
\TX@delta=\dimen137
\TX@cols=\count135
\TX@ftn=\toks29
))
(/usr/share/texmf-texlive/tex/latex/units/units.sty
Package: units 1998/08/04 v0.9b Typesetting units

(/usr/share/texmf-texlive/tex/latex/units/nicefrac.sty
Package: nicefrac 1998/08/04 v0.9b Nice fractions
\L@UnitsRaiseDisplaystyle=\skip67
\L@UnitsRaiseTextstyle=\skip68
\L@UnitsRaiseScriptstyle=\skip69
))
(./Projektstudie_MASTERFILE.aux

LaTeX Warning: Label `equ:motormomentsimulink1' multiply defined.

)
\openout1 = `Projektstudie_MASTERFILE.aux'.

LaTeX Font Info:    Checking defaults for OML/cmm/m/it on input line 149.
LaTeX Font Info:    ... okay on input line 149.
LaTeX Font Info:    Checking defaults for T1/cmr/m/n on input line 149.
LaTeX Font Info:    ... okay on input line 149.
LaTeX Font Info:    Checking defaults for OT1/cmr/m/n on input line 149.
LaTeX Font Info:    ... okay on input line 149.
LaTeX Font Info:    Checking defaults for OMS/cmsy/m/n on input line 149.
LaTeX Font Info:    ... okay on input line 149.
LaTeX Font Info:    Checking defaults for OMX/cmex/m/n on input line 149.
LaTeX Font Info:    ... okay on input line 149.
LaTeX Font Info:    Checking defaults for U/cmr/m/n on input line 149.
LaTeX Font Info:    ... okay on input line 149.
LaTeX Font Info:    Checking defaults for PD1/pdf/m/n on input line 149.
LaTeX Font Info:    ... okay on input line 149.

*geometry auto-detecting driver*
*geometry detected driver: pdftex*
-------------------- Geometry parameters
paper: a4paper
landscape: --
twocolumn: --
twoside: true
asymmetric: --
h-parts: 85.35826pt, 426.79135pt, 85.35826pt
v-parts: 85.35826pt, 674.33032pt, 85.35826pt
hmarginratio: --
vmarginratio: --
lines: --
heightrounded: --
bindingoffset: 0.0pt
truedimen: --
includehead: --
includefoot: --
includemp: --
driver: pdftex
-------------------- Page layout dimensions and switches
\paperwidth  597.50787pt
\paperheight 845.04684pt
\textwidth  426.79135pt
\textheight 674.33032pt
\oddsidemargin  17.07164pt
\evensidemargin 0.0pt
\topmargin  -24.31174pt
\headheight 20.40001pt
\headsep    20.40001pt
\footskip   47.60002pt
\marginparwidth 89.62619pt
\marginparsep   12.8401pt
\columnsep  10.0pt
\skip\footins  10.0pt plus 4.0pt minus 2.0pt
\hoffset 0.0pt
\voffset 0.0pt
\mag 1000
\@twosidetrue \@mparswitchtrue 
(1in=72.27pt, 1cm=28.45pt)
-----------------------
babelbib: Set bibliography fall-back language to ngerman
(/usr/share/texmf-texlive/tex/latex/babelbib/german.bdf
File: german.bdf 2009/10/10 v1.29 babelbib: multilingual bibliographies (HH)

babelbib extension \btxifchangecaseoff added to \extrasngerman
)
babelbib: Load BibTeX extensions \bibsngerman for ngerman
babelbib: Set language for keywords in the bibliography fixed to ngerman
(/usr/share/texmf-texlive/tex/context/base/supp-pdf.mkii
[Loading MPS to PDF converter (version 2006.09.02).]
\scratchcounter=\count136
\scratchdimen=\dimen138
\scratchbox=\box38
\nofMPsegments=\count137
\nofMParguments=\count138
\everyMPshowfont=\toks30
\MPscratchCnt=\count139
\MPscratchDim=\dimen139
\MPnumerator=\count140
\everyMPtoPDFconversion=\toks31
) ABD: EveryShipout initializing macros
Package hyperref Info: Link coloring ON on input line 149.

(/usr/share/texmf-texlive/tex/latex/hyperref/nameref.sty
Package: nameref 2007/05/29 v2.31 Cross-referencing by name of section

(/usr/share/texmf-texlive/tex/latex/oberdiek/refcount.sty
Package: refcount 2008/08/11 v3.1 Data extraction from references (HO)
)
\c@section@level=\count141
)
LaTeX Info: Redefining \ref on input line 149.
LaTeX Info: Redefining \pageref on input line 149.

(./Projektstudie_MASTERFILE.out) (./Projektstudie_MASTERFILE.out)
\@outlinefile=\write3
\openout3 = `Projektstudie_MASTERFILE.out'.

\AtBeginShipoutBox=\box39
\c@lstlisting=\count142
 [1



{/var/lib/texmf/fonts/map/pdftex/updmap/pdftex.map}] [2


]
LaTeX Font Info:    Try loading font information for T1+cmss on input line 199.


(/usr/share/texmf-texlive/tex/latex/base/t1cmss.fd
File: t1cmss.fd 1999/05/25 v2.5h Standard LaTeX font definitions
)
(./Projektstudie_MASTERFILE.toc
Class scrreprt Info: You've told me to use the font selection of the element
(scrreprt)           `sectioning' that is an alias of element `disposition'
(scrreprt)            on input line 2.
Class scrreprt Info: You've told me to use the font selection of the element
(scrreprt)           `sectioning' that is an alias of element `disposition'
(scrreprt)            on input line 3.
Class scrreprt Info: You've told me to use the font selection of the element
(scrreprt)           `sectioning' that is an alias of element `disposition'
(scrreprt)            on input line 4.
LaTeX Font Info:    Try loading font information for U+msa on input line 5.

(/usr/share/texmf-texlive/tex/latex/amsfonts/umsa.fd
File: umsa.fd 2009/06/22 v3.00 AMS symbols A
)
LaTeX Font Info:    Try loading font information for U+msb on input line 5.

(/usr/share/texmf-texlive/tex/latex/amsfonts/umsb.fd
File: umsb.fd 2009/06/22 v3.00 AMS symbols B
)
Class scrreprt Info: You've told me to use the font selection of the element
(scrreprt)           `sectioning' that is an alias of element `disposition'
(scrreprt)            on input line 15.
Class scrreprt Info: You've told me to use the font selection of the element
(scrreprt)           `sectioning' that is an alias of element `disposition'
(scrreprt)            on input line 22.
 [1


]
Class scrreprt Info: You've told me to use the font selection of the element
(scrreprt)           `sectioning' that is an alias of element `disposition'
(scrreprt)            on input line 39.
Class scrreprt Info: You've told me to use the font selection of the element
(scrreprt)           `sectioning' that is an alias of element `disposition'
(scrreprt)            on input line 40.
Class scrreprt Info: You've told me to use the font selection of the element
(scrreprt)           `sectioning' that is an alias of element `disposition'
(scrreprt)            on input line 41.
Class scrreprt Info: You've told me to use the font selection of the element
(scrreprt)           `sectioning' that is an alias of element `disposition'
(scrreprt)            on input line 48.
Class scrreprt Info: You've told me to use the font selection of the element
(scrreprt)           `sectioning' that is an alias of element `disposition'
(scrreprt)            on input line 50.
Class scrreprt Info: You've told me to use the font selection of the element
(scrreprt)           `sectioning' that is an alias of element `disposition'
(scrreprt)            on input line 51.
Class scrreprt Info: You've told me to use the font selection of the element
(scrreprt)           `sectioning' that is an alias of element `disposition'
(scrreprt)            on input line 52.
)
\tf@toc=\write4
\openout4 = `Projektstudie_MASTERFILE.toc'.

 [2]
(./Einfuehrung.tex
Kapitel 1.

Class scrreprt Warning: \float@addtolists detected!
(scrreprt)              You should use the features of package `tocbasic'
(scrreprt)              instead of \float@addtolists.
(scrreprt)              Support for \float@addtolists may be removed from
(scrreprt)              `scrreprt' soon .

<Plexi_Galvohalter.jpg, id=290, 256.7994pt x 298.2342pt>
File: Plexi_Galvohalter.jpg Graphic file (type jpg)

<use Plexi_Galvohalter.jpg>

LaTeX Warning: Citation `wiki' on page 1 undefined on input line 30.


LaTeX Warning: Citation `wiki' on page 1 undefined on input line 30.

<Strahlfuehrung.jpg, id=291, 734.745pt x 489.83pt>
File: Strahlfuehrung.jpg Graphic file (type jpg)
 <use Strahlfuehrung.jpg>

LaTeX Warning: Citation `lasercommunity' on page 1 undefined on input line 37.


LaTeX Warning: Citation `lasercommunity' on page 1 undefined on input line 37.

<Allgmeiner_Aufbau.jpg, id=293, 1127.21124pt x 796.9775pt>
File: Allgmeiner_Aufbau.jpg Graphic file (type jpg)

<use Allgmeiner_Aufbau.jpg> [1




] [2 <./Plexi_Galvohalter.jpg> <./Strahlfuehrung.jpg>]
LaTeX Font Info:    Try loading font information for OMS+cmr on input line 80.
 (/usr/share/texmf-texlive/tex/latex/base/omscmr.fd
File: omscmr.fd 1999/05/25 v2.5h Standard LaTeX font definitions
)
LaTeX Font Info:    Font shape `OMS/cmr/m/n' in size <10.95> not available
(Font)              Font shape `OMS/cmsy/m/n' tried instead on input line 80.
)
(./Aufgabenstellung.tex [3 <./Allgmeiner_Aufbau.jpg>] [4


]
Kapitel 2.

Overfull \hbox (14.18668pt too wide) in paragraph at lines 19--22
[]\T1/cmr/m/n/10.95 In dieser Sim-u-la-tion-sstudie soll un-ter-sucht wer-den, 
ob es mˆglich ist eine Regelung aufzubauen,
 []


LaTeX Warning: Command \textdegree invalid in math mode on input line 24.


LaTeX Warning: Command \textdegree invalid in math mode on input line 27.


LaTeX Warning: Command \textdegree invalid in math mode on input line 38.

[5]) (./Modellbildung.tex [6] [7] [8


]
Kapitel 3.
<System_Aufbau.jpg, id=338, 509.905pt x 354.32375pt>
File: System_Aufbau.jpg Graphic file (type jpg)
 <use System_Aufbau.jpg>

LaTeX Warning: Command \textdegree invalid in math mode on input line 41.

[9 <./System_Aufbau.jpg>] [10]
Overfull \hbox (1.1018pt too wide) in paragraph at lines 143--147
\T1/cmr/m/n/10.95 dieser Sim-u-la-tion-sstudie er-gaben sich Prob-leme, In-for-
ma-tio-nen ‹ber die Ans-teuerung solch-
 []

<ElektrischerTeil.jpg, id=363, 240.9pt x 224.33812pt>
File: ElektrischerTeil.jpg Graphic file (type jpg)

<use ElektrischerTeil.jpg> [11] [12 <./ElektrischerTeil.jpg>]
<MechanischerTeil.jpg, id=389, 201.75375pt x 196.48407pt>
File: MechanischerTeil.jpg Graphic file (type jpg)

<use MechanischerTeil.jpg> [13 <./MechanischerTeil.jpg>]
<Motoraufbau.jpg, id=401, 478.03593pt x 262.73157pt>
File: Motoraufbau.jpg Graphic file (type jpg)
 <use Motoraufbau.jpg>
[14 <./Motoraufbau.jpg>]
<Sensor_Funktionsdiagramm.jpg, id=413, 1025.8325pt x 316.18124pt>
File: Sensor_Funktionsdiagramm.jpg Graphic file (type jpg)

<use Sensor_Funktionsdiagramm.jpg>
<Sensor_Aufbau_schichten.jpg, id=414, 445.665pt x 256.96pt>
File: Sensor_Aufbau_schichten.jpg Graphic file (type jpg)

<use Sensor_Aufbau_schichten.jpg>

LaTeX Warning: Command \textdegree invalid in math mode on input line 285.


LaTeX Warning: Citation `JoSi08' on page 15 undefined on input line 286.


Underfull \hbox (badness 10000) in paragraph at lines 281--299

 []


Underfull \hbox (badness 10000) in paragraph at lines 281--299

 []

[15 <./Sensor_Funktionsdiagramm.jpg> <./Sensor_Aufbau_schichten.jpg>]
! Argument of \\unit  has an extra }.
<inserted text> 
                \par 
l.302 \subfigure[Abdunklung bei ca. $\unit[0]{∞}
                                                $ Azimutwinkel]{\includegrap...
I've run across a `}' that doesn't seem to match anything.
For example, `\def\a#1{...}' and `\a}' would produce
this error. If you simply proceed now, the `\par' that
I've just inserted will cause me to report a runaway
argument that might be the root of the problem. But if
your `}' was spurious, just type `2' and it will go away.

Runaway argument?
0
! Paragraph ended before \\unit  was complete.
<to be read again> 
                   \par 
l.302 \subfigure[Abdunklung bei ca. $\unit[0]{∞}
                                                $ Azimutwinkel]{\includegrap...
I suspect you've forgotten a `}', causing me to apply this
control sequence to too much text. How can we recover?
My plan is to forget the whole thing and hope for the best.

! Missing $ inserted.
<inserted text> 
                $
l.302 \subfigure[Abdunklung bei ca. $\unit[0]{∞}
                                                $ Azimutwinkel]{\includegrap...
I've inserted a begin-math/end-math symbol since I think
you left one out. Proceed, with fingers crossed.

! Argument of \\unit  has an extra }.
<inserted text> 
                \par 
l.302 \subfigure[Abdunklung bei ca. $\unit[0]{∞}
                                                $ Azimutwinkel]{\includegrap...
I've run across a `}' that doesn't seem to match anything.
For example, `\def\a#1{...}' and `\a}' would produce
this error. If you simply proceed now, the `\par' that
I've just inserted will cause me to report a runaway
argument that might be the root of the problem. But if
your `}' was spurious, just type `2' and it will go away.

Runaway argument?
0
! Paragraph ended before \\unit  was complete.
<to be read again> 
                   \par 
l.302 \subfigure[Abdunklung bei ca. $\unit[0]{∞}
                                                $ Azimutwinkel]{\includegrap...
I suspect you've forgotten a `}', causing me to apply this
control sequence to too much text. How can we recover?
My plan is to forget the whole thing and hope for the best.

! Missing $ inserted.
<inserted text> 
                $
l.302 \subfigure[Abdunklung bei ca. $\unit[0]{∞}
                                                $ Azimutwinkel]{\includegrap...
I've inserted a begin-math/end-math symbol since I think
you left one out. Proceed, with fingers crossed.


Overfull \hbox (7.06647pt too wide) in paragraph at lines 302--302
[]\T1/cmr/m/n/9 (a)
 []


Overfull \hbox (10.40456pt too wide) in paragraph at lines 302--302
\T1/cmr/m/n/9 Ab-
 []


Overfull \hbox (13.74542pt too wide) in paragraph at lines 302--302
\T1/cmr/m/n/9 dun-
 []


Overfull \hbox (17.59865pt too wide) in paragraph at lines 302--302
\T1/cmr/m/n/9 klung
 []


Overfull \hbox (7.32686pt too wide) in paragraph at lines 302--302
\T1/cmr/m/n/9 bei
 []


Overfull \hbox (6.55272pt too wide) in paragraph at lines 302--302
\T1/cmr/m/n/9 ca.
 []


Underfull \hbox (badness 10000) in paragraph at lines 302--302

 []

<Sensor_Abdunklung_0.jpg, id=422, 304.13625pt x 304.13625pt>
File: Sensor_Abdunklung_0.jpg Graphic file (type jpg)

<use Sensor_Abdunklung_0.jpg>
! Argument of \\unit  has an extra }.
<inserted text> 
                \par 
l.303 \subfigure[Abdunklung bei ca. $\unit[40]{∞}
                                                 $ Azimutwinkel]{\includegra...
I've run across a `}' that doesn't seem to match anything.
For example, `\def\a#1{...}' and `\a}' would produce
this error. If you simply proceed now, the `\par' that
I've just inserted will cause me to report a runaway
argument that might be the root of the problem. But if
your `}' was spurious, just type `2' and it will go away.

Runaway argument?
40
! Paragraph ended before \\unit  was complete.
<to be read again> 
                   \par 
l.303 \subfigure[Abdunklung bei ca. $\unit[40]{∞}
                                                 $ Azimutwinkel]{\includegra...
I suspect you've forgotten a `}', causing me to apply this
control sequence to too much text. How can we recover?
My plan is to forget the whole thing and hope for the best.

! Missing $ inserted.
<inserted text> 
                $
l.303 \subfigure[Abdunklung bei ca. $\unit[40]{∞}
                                                 $ Azimutwinkel]{\includegra...
I've inserted a begin-math/end-math symbol since I think
you left one out. Proceed, with fingers crossed.

! Argument of \\unit  has an extra }.
<inserted text> 
                \par 
l.303 \subfigure[Abdunklung bei ca. $\unit[40]{∞}
                                                 $ Azimutwinkel]{\includegra...
I've run across a `}' that doesn't seem to match anything.
For example, `\def\a#1{...}' and `\a}' would produce
this error. If you simply proceed now, the `\par' that
I've just inserted will cause me to report a runaway
argument that might be the root of the problem. But if
your `}' was spurious, just type `2' and it will go away.

Runaway argument?
40
! Paragraph ended before \\unit  was complete.
<to be read again> 
                   \par 
l.303 \subfigure[Abdunklung bei ca. $\unit[40]{∞}
                                                 $ Azimutwinkel]{\includegra...
I suspect you've forgotten a `}', causing me to apply this
control sequence to too much text. How can we recover?
My plan is to forget the whole thing and hope for the best.

! Missing $ inserted.
<inserted text> 
                $
l.303 \subfigure[Abdunklung bei ca. $\unit[40]{∞}
                                                 $ Azimutwinkel]{\includegra...
I've inserted a begin-math/end-math symbol since I think
you left one out. Proceed, with fingers crossed.


Overfull \hbox (7.58023pt too wide) in paragraph at lines 303--303
[]\T1/cmr/m/n/9 (b)
 []


Overfull \hbox (10.40456pt too wide) in paragraph at lines 303--303
\T1/cmr/m/n/9 Ab-
 []


Overfull \hbox (13.74542pt too wide) in paragraph at lines 303--303
\T1/cmr/m/n/9 dun-
 []


Overfull \hbox (17.59865pt too wide) in paragraph at lines 303--303
\T1/cmr/m/n/9 klung
 []


Overfull \hbox (7.32686pt too wide) in paragraph at lines 303--303
\T1/cmr/m/n/9 bei
 []


Overfull \hbox (6.55272pt too wide) in paragraph at lines 303--303
\T1/cmr/m/n/9 ca.
 []


Underfull \hbox (badness 10000) in paragraph at lines 303--303

 []

<Sensor_Abdunklung_40.jpg, id=423, 304.13625pt x 304.13625pt>
File: Sensor_Abdunklung_40.jpg Graphic file (type jpg)

<use Sensor_Abdunklung_40.jpg>) (./Programmentwicklung.tex [16 <./Sensor_Abdunk
lung_0.jpg> <./Sensor_Abdunklung_40.jpg>]
Kapitel 4.

Overfull \hbox (4.36519pt too wide) in paragraph at lines 21--25
\T1/cmr/m/n/10.95 vorkom-men, lasen sie sich kom-binieren und in Simulink ein-b
inden, da so ein Gle-ichungssytem
 []

[17


] <sSpiegel.jpg, id=447, 902.6222pt x 358.33875pt>
File: sSpiegel.jpg Graphic file (type jpg)
 <use sSpiegel.jpg>
[18 <./sSpiegel.jpg>]) (./Simulationsdurchfuehrung.tex [19] [20


]
Kapitel 5.
LaTeX Font Info:    Try loading font information for T1+cmtt on input line 42.
(/usr/share/texmf-texlive/tex/latex/base/t1cmtt.fd
File: t1cmtt.fd 1999/05/25 v2.5h Standard LaTeX font definitions
)
<NurP40.jpg, id=470, 642.4pt x 693.59125pt>
File: NurP40.jpg Graphic file (type jpg)
 <use NurP40.jpg>

LaTeX Warning: `!h' float specifier changed to `!ht'.

<NurP45.jpg, id=471, 642.4pt x 693.59125pt>
File: NurP45.jpg Graphic file (type jpg)
 <use NurP45.jpg>

LaTeX Warning: `!h' float specifier changed to `!ht'.

<PI-P30I17.jpg, id=476, 636.3775pt x 693.59125pt>
File: PI-P30I17.jpg Graphic file (type jpg)
 <use PI-P30I17.jpg> [21]
[22 <./NurP40.jpg> <./NurP45.jpg>]
<PI-P30I18.jpg, id=491, 642.4pt x 693.59125pt>
File: PI-P30I18.jpg Graphic file (type jpg)
 <use PI-P30I18.jpg>

LaTeX Warning: `!h' float specifier changed to `!ht'.

<PD-P22D1N1.jpg, id=496, 642.4pt x 693.59125pt>
File: PD-P22D1N1.jpg Graphic file (type jpg)
 <use PD-P22D1N1.jpg>

LaTeX Warning: `!h' float specifier changed to `!ht'.

<PD-P23D1N1.jpg, id=497, 642.4pt x 693.59125pt>
File: PD-P23D1N1.jpg Graphic file (type jpg)
 <use PD-P23D1N1.jpg>

LaTeX Warning: `!h' float specifier changed to `!ht'.


LaTeX Warning: Reference `fig:p20i16d1n1' on page 23 undefined on input line 10
5.


LaTeX Warning: Reference `fig:p20i16d1n1' on page 23 undefined on input line 10
7.


LaTeX Warning: Reference `fig:p20i16d1n1' on page 23 undefined on input line 10
8.

<PID-P20I15D1N1.jpg, id=498, 642.4pt x 693.59125pt>
File: PID-P20I15D1N1.jpg Graphic file (type jpg)
 <use PID-P20I15D1N1.jpg>

LaTeX Warning: `!h' float specifier changed to `!ht'.

<PID-P20I16D1N1.jpg, id=499, 642.4pt x 693.59125pt>
File: PID-P20I16D1N1.jpg Graphic file (type jpg)
 <use PID-P20I16D1N1.jpg>

LaTeX Warning: `!h' float specifier changed to `!ht'.

[23 <./PI-P30I17.jpg>]
Underfull \vbox (badness 10000) has occurred while \output is active []

 [24 <./PI-P30I18.jpg> <./PD-P22D1N1.jpg>]
Overfull \vbox (11.07274pt too high) has occurred while \output is active []


[25 <./PD-P23D1N1.jpg> <./PID-P20I15D1N1.jpg>]
<P-Adaption.jpg, id=515, 743.02594pt x 424.58624pt>
File: P-Adaption.jpg Graphic file (type jpg)
 <use P-Adaption.jpg>

LaTeX Warning: Citation `FrKu' on page 26 undefined on input line 139.


LaTeX Warning: Citation `FrKu' on page 26 undefined on input line 139.


LaTeX Warning: Reference `' on page 26 undefined on input line 143.

<sSpiegelPad.jpg, id=516, 911.65594pt x 320.69812pt>
File: sSpiegelPad.jpg Graphic file (type jpg)
 <use sSpiegelPad.jpg>

LaTeX Warning: `!h' float specifier changed to `!ht'.

<Pad-P41F1_1,5F2_80.jpg, id=517, 642.4pt x 693.59125pt>
File: Pad-P41F1_1,5F2_80.jpg Graphic file (type jpg)

<use Pad-P41F1_1,5F2_80.jpg>
<Pad-P50F1_3F2_400.jpg, id=520, 636.3775pt x 693.59125pt>
File: Pad-P50F1_3F2_400.jpg Graphic file (type jpg)

<use Pad-P50F1_3F2_400.jpg> [26 <./PID-P20I16D1N1.jpg> <./P-Adaption.jpg>]

LaTeX Warning: `!h' float specifier changed to `!ht'.


LaTeX Warning: Citation `CaTe' on page 27 undefined on input line 180.

[27 <./sSpiegelPad.jpg> <./Pad-P41F1_1,5F2_80.jpg>] [28 <./Pad-P50F1_3F2_400.jp
g>] <Pad-Werte-P330F1_5F2_370.jpg, id=542, 642.4pt x 693.59125pt>
File: Pad-Werte-P330F1_5F2_370.jpg Graphic file (type jpg)

<use Pad-Werte-P330F1_5F2_370.jpg>
<Pad-Neue-Werte-P320F1_2F2_65.jpg, id=543, 642.4pt x 693.59125pt>
File: Pad-Neue-Werte-P320F1_2F2_65.jpg Graphic file (type jpg)

<use Pad-Neue-Werte-P320F1_2F2_65.jpg>

LaTeX Warning: Command \textdegree invalid in math mode on input line 217.


LaTeX Warning: `!h' float specifier changed to `!ht'.

[29 <./Pad-Werte-P330F1_5F2_370.jpg>]
<Strom_zu_hoch.jpg, id=551, 562.1pt x 421.575pt>
File: Strom_zu_hoch.jpg Graphic file (type jpg)
 <use Strom_zu_hoch.jpg>
<P-Adaption-Strom.jpg, id=552, 912.40875pt x 404.26031pt>
File: P-Adaption-Strom.jpg Graphic file (type jpg)

<use P-Adaption-Strom.jpg>
<sSpiegelPadStrom.jpg, id=555, 910.15031pt x 306.39468pt>
File: sSpiegelPadStrom.jpg Graphic file (type jpg)

<use sSpiegelPadStrom.jpg>
Overfull \hbox (26.44984pt too wide) in paragraph at lines 233--258
\T1/cmtt/m/n/10.95 msSpiegel_Pad_Neue_Werte_Strom.m \T1/cmr/m/n/10.95 und das S
imulink-File \T1/cmtt/m/n/10.95 sSpiegelPadStrom.slx \T1/cmr/m/n/10.95 hergenom
-
 []


LaTeX Warning: `!h' float specifier changed to `!ht'.


LaTeX Warning: `!h' float specifier changed to `!ht'.


LaTeX Warning: `!h' float specifier changed to `!ht'.

<Strom-Pad-Neue-Werte-P320F1_2F2_160.jpg, id=557, 642.4pt x 693.59125pt>
File: Strom-Pad-Neue-Werte-P320F1_2F2_160.jpg Graphic file (type jpg)

<use Strom-Pad-Neue-Werte-P320F1_2F2_160.jpg>

LaTeX Warning: `!h' float specifier changed to `!ht'.

[30 <./Pad-Neue-Werte-P320F1_2F2_65.jpg>]
<Strom-Pad-Neue-Werte-P218F1_5F2_400.jpg, id=568, 642.4pt x 690.58pt>
File: Strom-Pad-Neue-Werte-P218F1_5F2_400.jpg Graphic file (type jpg)

<use Strom-Pad-Neue-Werte-P218F1_5F2_400.jpg>

LaTeX Warning: `!h' float specifier changed to `!ht'.


LaTeX Warning: Reference `' on page 31 undefined on input line 286.


LaTeX Warning: File `Strom-Pad-Neue-Werte-P250F1_3F2_160.jpg' not found on inpu
t line 289.


! Package pdftex.def Error: File `Strom-Pad-Neue-Werte-P250F1_3F2_160.jpg' not 
found.

See the pdftex.def package documentation for explanation.
Type  H <return>  for immediate help.
 ...                                              
                                                  
l.289 ...{Strom-Pad-Neue-Werte-P250F1_3F2_160.jpg}
                                                  
Using draft setting for this image.
Try typing  <return>  to proceed.
If that doesn't work, type  X <return>  to quit.


LaTeX Warning: `!h' float specifier changed to `!ht'.

[31 <./Strom_zu_hoch.jpg> <./P-Adaption-Strom.jpg> <./sSpiegelPadStrom.jpg>]
[32 <./Strom-Pad-Neue-Werte-P320F1_2F2_160.jpg> <./Strom-Pad-Neue-Werte-P218F1_
5F2_400.jpg>] <sSpiegelPadStromSensor.jpg, id=580, 905.63344pt x 344.03531pt>
File: sSpiegelPadStromSensor.jpg Graphic file (type jpg)

<use sSpiegelPadStromSensor.jpg>
Overfull \hbox (32.16042pt too wide) in paragraph at lines 309--323
\T1/cmr/m/n/10.95 in die Sim-u-la-tion mit einge-baut. Daf¸r wird das vorhan-de
ne Simulink-File \T1/cmtt/m/n/10.95 sSpiegelPadStrom.slx
 []


Overfull \hbox (37.62671pt too wide) in paragraph at lines 309--323
\T1/cmr/m/n/10.95 Abb. [][]5.21[][] ist der gesamte Sim-u-la-tion-sauf-bau darg
estellt, welch-er als \T1/cmtt/m/n/10.95 sSpiegelPadStromSensor.slx
 []


Overfull \hbox (8.43898pt too wide) in paragraph at lines 309--323
\T1/cmr/m/n/10.95 gespe-ichert ist. Zur Ans-teuerung wird das Matlab-File \T1/c
mtt/m/n/10.95 msSpiegel_Pad_Neue_Werte_Strom.m
 []


Overfull \hbox (6.54955pt too wide) in paragraph at lines 309--323
\T1/cmr/m/n/10.95 mod-i-fiziert und als \T1/cmtt/m/n/10.95 msSpiegelundSensor.m
 \T1/cmr/m/n/10.95 gespe-ichert. In diesem Matlab-File ist es mˆglich,
 []


LaTeX Warning: `!h' float specifier changed to `!ht'.

[33]

LaTeX Warning: Command \textdegree invalid in math mode on input line 327.

<Sensor_10_1_100_linear1.jpg, id=589, 642.4pt x 693.59125pt>
File: Sensor_10_1_100_linear1.jpg Graphic file (type jpg)

<use Sensor_10_1_100_linear1.jpg>

LaTeX Warning: `!h' float specifier changed to `!ht'.

<Sensor_10_1_100_linear2.jpg, id=591, 642.4pt x 693.59125pt>
File: Sensor_10_1_100_linear2.jpg Graphic file (type jpg)

<use Sensor_10_1_100_linear2.jpg>

LaTeX Warning: `!h' float specifier changed to `!ht'.

<Sensor_10_1_100_nonlinear00001.jpg, id=593, 642.4pt x 693.59125pt>
File: Sensor_10_1_100_nonlinear00001.jpg Graphic file (type jpg)

<use Sensor_10_1_100_nonlinear00001.jpg>) (./Disskussion.tex

LaTeX Warning: `!h' float specifier changed to `!ht'.

[34 <./sSpiegelPadStromSensor.jpg>] [35 <./Sensor_10_1_100_linear1.jpg> <./Sens
or_10_1_100_linear2.jpg>] [36 <./Sensor_10_1_100_nonlinear00001.jpg>]
Kapitel 6.

! LaTeX Error: Command \textcurrency unavailable in encoding T1.

See the LaTeX manual or LaTeX Companion for explanation.
Type  H <return>  for immediate help.
 ...                                              
                                                  
l.23 ...f{chap:p_regelung} zu erkennen ist, betr√§
                                                  gt die Zeit, bis der Winke...

Your command was ignored.
Type  I <command> <return>  to replace it with another command,
or  <return>  to continue without it.


! LaTeX Error: Command \textcurrency unavailable in encoding T1.

See the LaTeX manual or LaTeX Companion for explanation.
Type  H <return>  for immediate help.
 ...                                              
                                                  
l.23 ...tr√§gt die Zeit, bis der Winkel in der N√§
                                                  he des Sollwertes ist, ca....

Your command was ignored.
Type  I <command> <return>  to replace it with another command,
or  <return>  to continue without it.


! Package inputenc Error: Keyboard character used is undefined
(inputenc)                in inputencoding `latin1'.

See the inputenc package documentation for explanation.
Type  H <return>  for immediate help.
 ...                                              
                                                  
l.24 Jedoch ist ein gro√ü
                         e Schwankung des Winkels zu erkennen.
You need to provide a definition with \DeclareInputText 
or \DeclareInputMath before using this key.


! Package inputenc Error: Keyboard character used is undefined
(inputenc)                in inputencoding `latin1'.

See the inputenc package documentation for explanation.
Type  H <return>  for immediate help.
 ...                                              
                                                  
l.25 ...n P = 40 ist die Abweichunng noch so gro√ü
                                                  , dass der Winkel in der u...

You need to provide a definition with \DeclareInputText 
or \DeclareInputMath before using this key.


! Package inputenc Error: Keyboard character used is undefined
(inputenc)                in inputencoding `latin1'.

See the inputenc package documentation for explanation.
Type  H <return>  for immediate help.
 ...                                              
                                                  
l.26 Bei einem etwas gr√∂√ü
                           erem P-Anteil P = 45 ist zu erkennen, dass der So...

You need to provide a definition with \DeclareInputText 
or \DeclareInputMath before using this key.


LaTeX Warning: Reference `fig:p20i16d1n1' on page 37 undefined on input line 54
.


LaTeX Warning: Reference `fig:p20i16d1n1' on page 37 undefined on input line 57
.

[37


]

LaTeX Warning: Reference `fig:padaptionsimulin' on page 38 undefined on input l
ine 61.


Overfull \hbox (2.06949pt too wide) in paragraph at lines 69--71
[]\T1/cmr/m/n/10.95 Um eine er-fol-gre-iche Regelung zu er-re-ichen, wer-den di
e Mo-tor-pa-ram-e-ter angepasst, w‰hrend
 []


! LaTeX Error: Command \textcurrency unavailable in encoding T1.

See the LaTeX manual or LaTeX Companion for explanation.
Type  H <return>  for immediate help.
 ...                                              
                                                  
l.87 Nach einigen Versuchen mit √§
                                  ndern der verschiedenen Parameter, ist wie...

Your command was ignored.
Type  I <command> <return>  to replace it with another command,
or  <return>  to continue without it.

[38]

! LaTeX Error: Command \textcurrency unavailable in encoding T1.

See the LaTeX manual or LaTeX Companion for explanation.
Type  H <return>  for immediate help.
 ...                                              
                                                  
l.103 Ohne die Regelparameter zu √§
                                   ndern, wurde der zweite lineare Sensor ge...

Your command was ignored.
Type  I <command> <return>  to replace it with another command,
or  <return>  to continue without it.


Overfull \hbox (1.16663pt too wide) in paragraph at lines 103--107
[]\T1/cmr/m/n/10.95 Ohne die Regel-pa-ram-e-ter zu √n-dern, wurde der zweite li
n-eare Sen-sor getestet. Die Regelung
 []


! LaTeX Error: Command \textcurrency unavailable in encoding T1.

See the LaTeX manual or LaTeX Companion for explanation.
Type  H <return>  for immediate help.
 ...                                              
                                                  
l.111 ...essbarere Laserablenkung zu entdecken w√§
                                                  re.
Your command was ignored.
Type  I <command> <return>  to replace it with another command,
or  <return>  to continue without it.


! LaTeX Error: Command \textcurrency unavailable in encoding T1.

See the LaTeX manual or LaTeX Companion for explanation.
Type  H <return>  for immediate help.
 ...                                              
                                                  
l.115 Insofern w√ºrde eine Ver√§
                                nderung der Regelparameter keine genauere Re...

Your command was ignored.
Type  I <command> <return>  to replace it with another command,
or  <return>  to continue without it.


! LaTeX Error: Command \textcurrency unavailable in encoding T1.

See the LaTeX manual or LaTeX Companion for explanation.
Type  H <return>  for immediate help.
 ...                                              
                                                  
l.118 Der Innenwiderstand und die Induktivit√§
                                              t des Motors mussten verringer...

Your command was ignored.
Type  I <command> <return>  to replace it with another command,
or  <return>  to continue without it.


! LaTeX Error: Command \textcurrency unavailable in encoding T1.

See the LaTeX manual or LaTeX Companion for explanation.
Type  H <return>  for immediate help.
 ...                                              
                                                  
l.120 ...Drehung verursachte Spannung geringer w√§
                                                  re.
Your command was ignored.
Type  I <command> <return>  to replace it with another command,
or  <return>  to continue without it.


! LaTeX Error: Command \textcurrency unavailable in encoding T1.

See the LaTeX manual or LaTeX Companion for explanation.
Type  H <return>  for immediate help.
 ...                                              
                                                  
l.122 ...ind die in dieser Simulationsstudie get√§
                                                  tigten √Ñnderungen am Moto...

Your command was ignored.
Type  I <command> <return>  to replace it with another command,
or  <return>  to continue without it.


! Package inputenc Error: Keyboard character used is undefined
(inputenc)                in inputencoding `latin1'.

See the inputenc package documentation for explanation.
Type  H <return>  for immediate help.
 ...                                              
                                                  
l.122 ...n dieser Simulationsstudie get√§tigten √Ñ
                                                  nderungen am Motor nicht n...

You need to provide a definition with \DeclareInputText 
or \DeclareInputMath before using this key.


! LaTeX Error: Command \textcurrency unavailable in encoding T1.

See the LaTeX manual or LaTeX Companion for explanation.
Type  H <return>  for immediate help.
 ...                                              
                                                  
l.124 Es wurde zudem das Drehmoment und die Tr√§
                                                gheit des Spiegels verringert.
Your command was ignored.
Type  I <command> <return>  to replace it with another command,
or  <return>  to continue without it.


! LaTeX Error: Command \textcurrency unavailable in encoding T1.

See the LaTeX manual or LaTeX Companion for explanation.
Type  H <return>  for immediate help.
 ...                                              
                                                  
l.126 Die Tr√§
              gheit des Spiegels aus auf verschiedenen Vorgaben berechnet wo...

Your command was ignored.
Type  I <command> <return>  to replace it with another command,
or  <return>  to continue without it.


! LaTeX Error: Command \textcurrency unavailable in encoding T1.

See the LaTeX manual or LaTeX Companion for explanation.
Type  H <return>  for immediate help.
 ...                                              
                                                  
l.128 ...e oder des Durchmessers, k√∂nnte die Tr√§
                                                  gheit des Spiegels verring...

Your command was ignored.
Type  I <command> <return>  to replace it with another command,
or  <return>  to continue without it.


! LaTeX Error: Command \textcurrency unavailable in encoding T1.

See the LaTeX manual or LaTeX Companion for explanation.
Type  H <return>  for immediate help.
 ...                                              
                                                  
l.133 Sollte der Spiegel keine geringere Tr√§
                                             gheit aufweisen k√∂nnen, so wir...

Your command was ignored.
Type  I <command> <return>  to replace it with another command,
or  <return>  to continue without it.


! LaTeX Error: Command \textcurrency unavailable in encoding T1.

See the LaTeX manual or LaTeX Companion for explanation.
Type  H <return>  for immediate help.
 ...                                              
                                                  
l.137 ...i kleinen Abweichungen von der Linearit√§
                                                  t, eine genaue Regelung ni...

Your command was ignored.
Type  I <command> <return>  to replace it with another command,
or  <return>  to continue without it.


! LaTeX Error: Command \textcurrency unavailable in encoding T1.

See the LaTeX manual or LaTeX Companion for explanation.
Type  H <return>  for immediate help.
 ...                                              
                                                  
l.138 ...et werden, hat der Sensor eine Linearit√§
                                                  t von 99,9\% \cite{CaTe}.
Your command was ignored.
Type  I <command> <return>  to replace it with another command,
or  <return>  to continue without it.


LaTeX Warning: Citation `CaTe' on page 39 undefined on input line 138.

[39]

! LaTeX Error: Command \textcurrency unavailable in encoding T1.

See the LaTeX manual or LaTeX Companion for explanation.
Type  H <return>  for immediate help.
 ...                                              
                                                  
l.140 ...ionsalgorithmus "ode45" wurde nicht ver√§
                                                  ndert.
Your command was ignored.
Type  I <command> <return>  to replace it with another command,
or  <return>  to continue without it.

) (./Zusammenfassung.tex [40]
Kapitel 7.

! LaTeX Error: Command \textcurrency unavailable in encoding T1.

See the LaTeX manual or LaTeX Companion for explanation.
Type  H <return>  for immediate help.
 ...                                              
                                                  
l.16 Um eine in der Realit√§
                            t vorhandene Information √ºber den aktuellen Win...

Your command was ignored.
Type  I <command> <return>  to replace it with another command,
or  <return>  to continue without it.


! Package inputenc Error: Keyboard character used is undefined
(inputenc)                in inputencoding `latin1'.

See the inputenc package documentation for explanation.
Type  H <return>  for immediate help.
 ...                                              
                                                  
l.33 ...e sich sogar, dass die Einregelzeit gr√∂√ü
                                                  er geworden war und die Re...

You need to provide a definition with \DeclareInputText 
or \DeclareInputMath before using this key.


Overfull \hbox (11.50194pt too wide) in paragraph at lines 31--34
[]\T1/cmr/m/n/10.95 Durch ent-fer-nen des PID-Reglers und im-ple-men-tieren ein
-er P-Adaption sollte die verbleibende
 []


! LaTeX Error: Command \textcurrency unavailable in encoding T1.

See the LaTeX manual or LaTeX Companion for explanation.
Type  H <return>  for immediate help.
 ...                                              
                                                  
l.35 ..., wurden verschiedene Motorparameter ver√§
                                                  ndert und neue Simulatione...

Your command was ignored.
Type  I <command> <return>  to replace it with another command,
or  <return>  to continue without it.


! LaTeX Error: Command \textcurrency unavailable in encoding T1.

See the LaTeX manual or LaTeX Companion for explanation.
Type  H <return>  for immediate help.
 ...                                              
                                                  
l.36 Mit den ver√§
                  nderten Motorwerten konnte die Einregelzeit auf ca. \unit[...

Your command was ignored.
Type  I <command> <return>  to replace it with another command,
or  <return>  to continue without it.


! LaTeX Error: Command \textcurrency unavailable in encoding T1.

See the LaTeX manual or LaTeX Companion for explanation.
Type  H <return>  for immediate help.
 ...                                              
                                                  
l.39 Mit weiteren Ver√§
                       nderungen der Motorparameter und nun auch der Spiegel...

Your command was ignored.
Type  I <command> <return>  to replace it with another command,
or  <return>  to continue without it.

[41


]

! Package inputenc Error: Keyboard character used is undefined
(inputenc)                in inputencoding `latin1'.

See the inputenc package documentation for explanation.
Type  H <return>  for immediate help.
 ...                                              
                                                  
l.47 ...in lineare √ºbertragender Sensor von gro√ü
                                                  er Wichtigkeit ist, da son...

You need to provide a definition with \DeclareInputText 
or \DeclareInputMath before using this key.

) (./Anhaenge.tex [42]
Anhang A.
Package hyperref Info: bookmark level for unknown lstlisting defaults to 0 on i
nput line 13.
(../msSpiegelundSensor.m

! LaTeX Error: Command \textcurrency unavailable in encoding T1.

See the LaTeX manual or LaTeX Companion for explanation.
Type  H <return>  for immediate help.
 ...                                              
                                                  
l.17 %   LA          Ankerinduktivit√§t
                                       
Your command was ignored.
Type  I <command> <return>  to replace it with another command,
or  <return>  to continue without it.

LaTeX Font Info:    Try loading font information for OMS+cmtt on input line 24.

LaTeX Font Info:    No file OMScmtt.fd. on input line 24.

LaTeX Font Warning: Font shape `OMS/cmtt/m/it' undefined
(Font)              using `OMS/cmsy/m/n' instead
(Font)              for symbol `textparagraph' on input line 24.

[43



]
Underfull \vbox (badness 10000) has occurred while \output is active []

 [44]
Underfull \vbox (badness 10000) has occurred while \output is active []

 [45])
[46] (../sensorDaten.m

! Package inputenc Error: Keyboard character used is undefined
(inputenc)                in inputencoding `latin1'.

See the inputenc package documentation for explanation.
Type  H <return>  for immediate help.
 ...                                              
                                                  
l.20 %           2   √Ñu√üererradius 
                                     r2            in mm
You need to provide a definition with \DeclareInputText 
or \DeclareInputMath before using this key.


! Package inputenc Error: Keyboard character used is undefined
(inputenc)                in inputencoding `latin1'.

See the inputenc package documentation for explanation.
Type  H <return>  for immediate help.
 ...                                              
                                                  
l.20 %           2   √Ñu√üererradius 
                                     r2            in mm
You need to provide a definition with \DeclareInputText 
or \DeclareInputMath before using this key.

[47]) [48] (../frect.m) (../gekern.m) [49] (../sensor.m [50]
Underfull \vbox (badness 10000) has occurred while \output is active []

 [51])
[52] (../posEingabe.m) [53] [54


]
Anhang B.
) (./Literatur.tex [55]
No file Projektstudie_MASTERFILE.bbl.
) (./Abbildungen.tex [56


] (./Projektstudie_MASTERFILE.lof

LaTeX Warning: Citation `wiki' on page 57 undefined on input line 3.


LaTeX Warning: Citation `lasercommunity' on page 57 undefined on input line 4.


LaTeX Warning: Citation `FrKu' on page 57 undefined on input line 28.

)
\tf@lof=\write5
\openout5 = `Projektstudie_MASTERFILE.lof'.

) (./Erklaerung.tex [57] [58


]
Underfull \hbox (badness 10000) in paragraph at lines 11--12

 []


Underfull \hbox (badness 10000) in paragraph at lines 13--15

 []

) [59] (./Projektstudie_MASTERFILE.aux)

LaTeX Font Warning: Some font shapes were not available, defaults substituted.


LaTeX Warning: There were undefined references.


LaTeX Warning: There were multiply-defined labels.

 ) 
Here is how much of TeX's memory you used:
 12490 strings out of 495062
 178580 string characters out of 1182643
 700999 words of memory out of 3000000
 14703 multiletter control sequences out of 15000+50000
 28933 words of font info for 71 fonts, out of 3000000 for 9000
 28 hyphenation exceptions out of 8191
 46i,12n,52p,331b,2358s stack positions out of 5000i,500n,10000p,200000b,50000s
 </home/kizzm/.texmf-var/fonts/pk/ljfour/jknappen/ec/ecbx1000.600pk> </home/k
izzm/.texmf-var/fonts/pk/ljfour/jknappen/ec/ecrm1000.600pk> </home/kizzm/.texmf
-var/fonts/pk/ljfour/jknappen/ec/ectt0900.600pk> </home/kizzm/.texmf-var/fonts/
pk/ljfour/jknappen/ec/ecit0900.600pk> </home/kizzm/.texmf-var/fonts/pk/ljfour/j
knappen/ec/ectt0800.450pk> </home/kizzm/.texmf-var/fonts/pk/ljfour/jknappen/ec/
ectt1095.600pk> </home/kizzm/.texmf-var/fonts/pk/ljfour/jknappen/ec/ecrm0900.60
0pk> </home/kizzm/.texmf-var/fonts/pk/ljfour/jknappen/ec/ecsx1200.600pk> </home
/kizzm/.texmf-var/fonts/pk/ljfour/jknappen/ec/ecsx1440.600pk> </home/kizzm/.tex
mf-var/fonts/pk/ljfour/jknappen/ec/ecsl1095.600pk> </home/kizzm/.texmf-var/font
s/pk/ljfour/jknappen/ec/ecsx1095.600pk> </home/kizzm/.texmf-var/fonts/pk/ljfour
/jknappen/ec/ecsx2074.600pk> </home/kizzm/.texmf-var/fonts/pk/ljfour/jknappen/e
c/ecrm1095.600pk> </home/kizzm/.texmf-var/fonts/pk/ljfour/jknappen/ec/ecbx1095.
600pk> </home/kizzm/.texmf-var/fonts/pk/ljfour/jknappen/ec/ecti1095.600pk> </ho
me/kizzm/.texmf-var/fonts/pk/ljfour/jknappen/ec/ecrm1200.600pk> </home/kizzm/.t
exmf-var/fonts/pk/ljfour/jknappen/ec/ecbx2074.600pk> </home/kizzm/.texmf-var/fo
nts/pk/ljfour/jknappen/ec/ecbx2488.600pk></usr/share/texmf-texlive/fonts/type1/
public/amsfonts/cm/cmmi10.pfb></usr/share/texmf-texlive/fonts/type1/public/amsf
onts/cm/cmmi8.pfb></usr/share/texmf-texlive/fonts/type1/public/amsfonts/cm/cmr1
0.pfb></usr/share/texmf-texlive/fonts/type1/public/amsfonts/cm/cmr6.pfb></usr/s
hare/texmf-texlive/fonts/type1/public/amsfonts/cm/cmr8.pfb></usr/share/texmf-te
xlive/fonts/type1/public/amsfonts/cm/cmsy10.pfb></usr/share/texmf-texlive/fonts
/type1/public/amsfonts/cm/cmsy6.pfb></usr/share/texmf-texlive/fonts/type1/publi
c/amsfonts/cm/cmsy8.pfb></usr/share/texmf-texlive/fonts/type1/public/amsfonts/c
m/cmsy9.pfb>
Output written on Projektstudie_MASTERFILE.pdf (63 pages, 3338149 bytes).
PDF statistics:
 2107 PDF objects out of 2487 (max. 8388607)
 623 named destinations out of 1000 (max. 500000)
 592 words of extra memory for PDF output out of 10000 (max. 10000000)

