\BOOKMARK [1][]{toc.1}{Inhaltsverzeichnis}{}
\BOOKMARK [0][]{chapter.2}{1 Einf\374hrung}{}
\BOOKMARK [0][]{chapter.6}{2 Aufgabenstellung}{}
\BOOKMARK [0][]{chapter.7}{3 Mathematische Modellbildung}{}
\BOOKMARK [1][]{section.8}{3.1 Das System}{chapter.7}
\BOOKMARK [1][]{section.10}{3.2 Der Spiegel}{chapter.7}
\BOOKMARK [1][]{section.16}{3.3 Der Motor}{chapter.7}
\BOOKMARK [1][]{section.17}{3.4 Der Sensor}{chapter.7}
\BOOKMARK [2][]{subsection.18}{3.4.1 Das physikalische Modell des Sensors}{section.17}
\BOOKMARK [2][]{subsection.21}{3.4.2 Das lineare Sensormodell}{section.17}
\BOOKMARK [2][]{subsection.22}{3.4.3 Das nicht lineare Sensormodell}{section.17}
\BOOKMARK [0][]{chapter.23}{4 Programmentwicklung}{}
\BOOKMARK [0][]{chapter.24}{5 Simulationsdurchf\374hrung}{}
\BOOKMARK [0][]{chapter.43}{6 Disskussion}{}
\BOOKMARK [0][]{chapter.44}{7 Zusammenfassung}{}
\BOOKMARK [0][]{appendix.45}{A Anh\344nge}{}
\BOOKMARK [1][]{section.46}{A.1 Anhaenge}{appendix.45}
\BOOKMARK [0][]{appendix*.47}{Literaturverzeichnis}{}
\BOOKMARK [0][]{appendix*.48}{Abbildungsverzeichnis}{}
\BOOKMARK [0][]{appendix*.49}{Tabellenverzeichnis}{}
\BOOKMARK [0][]{appendix*.50}{Eidesstattliche Erkl\344rung}{}
